mode: atomic
github.com/UnitVectorY-Labs/gcpvalidate/location/location.go:23.40,25.18 1 32
github.com/UnitVectorY-Labs/gcpvalidate/location/location.go:25.18,27.3 1 2
github.com/UnitVectorY-Labs/gcpvalidate/location/location.go:30.2,30.23 1 30
github.com/UnitVectorY-Labs/gcpvalidate/location/location.go:30.23,32.3 1 0
github.com/UnitVectorY-Labs/gcpvalidate/location/location.go:35.2,35.54 1 30
github.com/UnitVectorY-Labs/gcpvalidate/location/location.go:35.54,37.3 1 4
github.com/UnitVectorY-Labs/gcpvalidate/location/location.go:40.2,40.40 1 26
github.com/UnitVectorY-Labs/gcpvalidate/location/location.go:50.36,52.16 1 26
github.com/UnitVectorY-Labs/gcpvalidate/location/location.go:52.16,54.3 1 2
github.com/UnitVectorY-Labs/gcpvalidate/location/location.go:57.2,57.21 1 24
github.com/UnitVectorY-Labs/gcpvalidate/location/location.go:57.21,59.3 1 0
github.com/UnitVectorY-Labs/gcpvalidate/location/location.go:62.2,62.48 1 24
github.com/UnitVectorY-Labs/gcpvalidate/location/location.go:62.48,64.3 1 4
github.com/UnitVectorY-Labs/gcpvalidate/location/location.go:67.2,67.36 1 20
github.com/UnitVectorY-Labs/gcpvalidate/location/location.go:79.39,81.21 1 16
github.com/UnitVectorY-Labs/gcpvalidate/location/location.go:81.21,83.3 1 1
github.com/UnitVectorY-Labs/gcpvalidate/location/location.go:86.2,86.47 1 15
github.com/UnitVectorY-Labs/gcpvalidate/project/project.go:19.39,21.33 1 19
github.com/UnitVectorY-Labs/gcpvalidate/project/project.go:21.33,23.3 1 3
github.com/UnitVectorY-Labs/gcpvalidate/project/project.go:26.2,26.59 1 16
github.com/UnitVectorY-Labs/gcpvalidate/project/project.go:26.59,28.3 1 2
github.com/UnitVectorY-Labs/gcpvalidate/project/project.go:31.2,31.32 1 14
github.com/UnitVectorY-Labs/gcpvalidate/project/project.go:31.32,33.3 1 4
github.com/UnitVectorY-Labs/gcpvalidate/project/project.go:36.2,36.26 1 10
github.com/UnitVectorY-Labs/gcpvalidate/project/project.go:36.26,38.3 1 1
github.com/UnitVectorY-Labs/gcpvalidate/project/project.go:41.2,41.39 1 9
github.com/UnitVectorY-Labs/gcpvalidate/project/project.go:49.43,51.37 1 15
github.com/UnitVectorY-Labs/gcpvalidate/project/project.go:51.37,53.3 1 3
github.com/UnitVectorY-Labs/gcpvalidate/project/project.go:56.2,56.67 1 12
github.com/UnitVectorY-Labs/gcpvalidate/project/project.go:56.67,58.3 1 2
github.com/UnitVectorY-Labs/gcpvalidate/project/project.go:61.2,61.43 1 10
github.com/UnitVectorY-Labs/gcpvalidate/resource/resource.go:24.55,26.16 1 18
github.com/UnitVectorY-Labs/gcpvalidate/resource/resource.go:26.16,28.3 1 1
github.com/UnitVectorY-Labs/gcpvalidate/resource/resource.go:31.2,31.48 1 17
github.com/UnitVectorY-Labs/gcpvalidate/resource/resource.go:31.48,33.3 1 2
github.com/UnitVectorY-Labs/gcpvalidate/resource/resource.go:36.2,39.24 2 15
github.com/UnitVectorY-Labs/gcpvalidate/resource/resource.go:39.24,41.89 1 6
github.com/UnitVectorY-Labs/gcpvalidate/resource/resource.go:41.89,43.4 1 0
github.com/UnitVectorY-Labs/gcpvalidate/resource/resource.go:45.3,50.43 4 6
github.com/UnitVectorY-Labs/gcpvalidate/resource/resource.go:50.43,52.4 1 1
github.com/UnitVectorY-Labs/gcpvalidate/resource/resource.go:53.3,53.37 1 5
github.com/UnitVectorY-Labs/gcpvalidate/resource/resource.go:53.37,55.4 1 1
github.com/UnitVectorY-Labs/gcpvalidate/resource/resource.go:56.3,56.54 1 4
github.com/UnitVectorY-Labs/gcpvalidate/resource/resource.go:56.54,58.4 1 1
github.com/UnitVectorY-Labs/gcpvalidate/resource/resource.go:60.3,60.14 1 3
github.com/UnitVectorY-Labs/gcpvalidate/resource/resource.go:61.8,61.31 1 9
github.com/UnitVectorY-Labs/gcpvalidate/resource/resource.go:61.31,64.61 1 5
github.com/UnitVectorY-Labs/gcpvalidate/resource/resource.go:64.61,66.4 1 0
github.com/UnitVectorY-Labs/gcpvalidate/resource/resource.go:68.3,74.43 5 5
github.com/UnitVectorY-Labs/gcpvalidate/resource/resource.go:74.43,76.4 1 0
github.com/UnitVectorY-Labs/gcpvalidate/resource/resource.go:77.3,77.37 1 5
github.com/UnitVectorY-Labs/gcpvalidate/resource/resource.go:77.37,79.4 1 0
github.com/UnitVectorY-Labs/gcpvalidate/resource/resource.go:80.3,80.58 1 5
github.com/UnitVectorY-Labs/gcpvalidate/resource/resource.go:80.58,82.4 1 1
github.com/UnitVectorY-Labs/gcpvalidate/resource/resource.go:83.3,83.54 1 4
github.com/UnitVectorY-Labs/gcpvalidate/resource/resource.go:83.54,85.4 1 1
github.com/UnitVectorY-Labs/gcpvalidate/resource/resource.go:87.3,87.14 1 3
github.com/UnitVectorY-Labs/gcpvalidate/resource/resource.go:90.2,90.14 1 4
github.com/UnitVectorY-Labs/gcpvalidate/resource/resource.go:103.55,105.18 1 13
github.com/UnitVectorY-Labs/gcpvalidate/resource/resource.go:105.18,107.3 1 1
github.com/UnitVectorY-Labs/gcpvalidate/resource/resource.go:110.2,110.54 1 12
github.com/UnitVectorY-Labs/gcpvalidate/resource/resource.go:110.54,112.3 1 2
github.com/UnitVectorY-Labs/gcpvalidate/resource/resource.go:115.2,118.24 2 10
github.com/UnitVectorY-Labs/gcpvalidate/resource/resource.go:118.24,120.3 1 3
github.com/UnitVectorY-Labs/gcpvalidate/resource/resource.go:123.2,123.61 1 7
github.com/UnitVectorY-Labs/gcpvalidate/resource/resource.go:123.61,125.3 1 0
github.com/UnitVectorY-Labs/gcpvalidate/resource/resource.go:127.2,131.42 3 7
github.com/UnitVectorY-Labs/gcpvalidate/resource/resource.go:131.42,133.3 1 1
github.com/UnitVectorY-Labs/gcpvalidate/resource/resource.go:134.2,134.36 1 6
github.com/UnitVectorY-Labs/gcpvalidate/resource/resource.go:134.36,136.3 1 2
github.com/UnitVectorY-Labs/gcpvalidate/resource/resource.go:138.2,138.13 1 4
github.com/UnitVectorY-Labs/gcpvalidate/storage/storage.go:27.42,29.16 1 23
github.com/UnitVectorY-Labs/gcpvalidate/storage/storage.go:29.16,31.3 1 1
github.com/UnitVectorY-Labs/gcpvalidate/storage/storage.go:34.2,34.48 1 22
github.com/UnitVectorY-Labs/gcpvalidate/storage/storage.go:34.48,36.3 1 2
github.com/UnitVectorY-Labs/gcpvalidate/storage/storage.go:39.2,39.19 1 20
github.com/UnitVectorY-Labs/gcpvalidate/storage/storage.go:39.19,41.3 1 1
github.com/UnitVectorY-Labs/gcpvalidate/storage/storage.go:44.2,44.33 1 19
github.com/UnitVectorY-Labs/gcpvalidate/storage/storage.go:44.33,45.22 1 8
github.com/UnitVectorY-Labs/gcpvalidate/storage/storage.go:45.22,47.4 1 0
github.com/UnitVectorY-Labs/gcpvalidate/storage/storage.go:49.3,50.30 2 8
github.com/UnitVectorY-Labs/gcpvalidate/storage/storage.go:50.30,51.22 1 32
github.com/UnitVectorY-Labs/gcpvalidate/storage/storage.go:51.22,53.5 1 0
github.com/UnitVectorY-Labs/gcpvalidate/storage/storage.go:56.3,56.35 1 8
github.com/UnitVectorY-Labs/gcpvalidate/storage/storage.go:56.35,58.4 1 1
github.com/UnitVectorY-Labs/gcpvalidate/storage/storage.go:59.8,60.21 1 11
github.com/UnitVectorY-Labs/gcpvalidate/storage/storage.go:60.21,62.4 1 1
github.com/UnitVectorY-Labs/gcpvalidate/storage/storage.go:66.2,66.68 1 17
github.com/UnitVectorY-Labs/gcpvalidate/storage/storage.go:66.68,68.3 1 6
github.com/UnitVectorY-Labs/gcpvalidate/storage/storage.go:71.2,71.38 1 11
github.com/UnitVectorY-Labs/gcpvalidate/storage/storage.go:71.38,73.3 1 2
github.com/UnitVectorY-Labs/gcpvalidate/storage/storage.go:76.2,76.42 1 9
github.com/UnitVectorY-Labs/gcpvalidate/storage/storage.go:80.34,82.2 1 30
github.com/UnitVectorY-Labs/gcpvalidate/vertexai/vertexai.go:21.47,23.16 1 30
github.com/UnitVectorY-Labs/gcpvalidate/vertexai/vertexai.go:23.16,25.3 1 2
github.com/UnitVectorY-Labs/gcpvalidate/vertexai/vertexai.go:28.2,28.21 1 28
github.com/UnitVectorY-Labs/gcpvalidate/vertexai/vertexai.go:28.21,30.3 1 2
github.com/UnitVectorY-Labs/gcpvalidate/vertexai/vertexai.go:33.2,33.48 1 26
github.com/UnitVectorY-Labs/gcpvalidate/vertexai/vertexai.go:33.48,35.3 1 4
github.com/UnitVectorY-Labs/gcpvalidate/vertexai/vertexai.go:38.2,38.81 1 22
github.com/UnitVectorY-Labs/gcpvalidate/vertexai/vertexai.go:38.81,40.3 1 6
github.com/UnitVectorY-Labs/gcpvalidate/vertexai/vertexai.go:43.2,43.42 1 16
github.com/UnitVectorY-Labs/gcpvalidate/vertexai/vertexai.go:55.50,58.2 1 15
