mode: atomic
github.com/UnitVectorY-Labs/gcpvalidate/project/project.go:23.39,25.33 1 19
github.com/UnitVectorY-Labs/gcpvalidate/project/project.go:25.33,27.3 1 3
github.com/UnitVectorY-Labs/gcpvalidate/project/project.go:30.2,30.40 1 16
github.com/UnitVectorY-Labs/gcpvalidate/project/project.go:30.40,32.3 1 2
github.com/UnitVectorY-Labs/gcpvalidate/project/project.go:35.2,35.32 1 14
github.com/UnitVectorY-Labs/gcpvalidate/project/project.go:35.32,37.3 1 4
github.com/UnitVectorY-Labs/gcpvalidate/project/project.go:40.2,40.26 1 10
github.com/UnitVectorY-Labs/gcpvalidate/project/project.go:40.26,42.3 1 1
github.com/UnitVectorY-Labs/gcpvalidate/project/project.go:45.2,45.39 1 9
github.com/UnitVectorY-Labs/gcpvalidate/project/project.go:53.43,55.37 1 15
github.com/UnitVectorY-Labs/gcpvalidate/project/project.go:55.37,57.3 1 3
github.com/UnitVectorY-Labs/gcpvalidate/project/project.go:60.2,60.42 1 12
github.com/UnitVectorY-Labs/gcpvalidate/project/project.go:60.42,62.3 1 2
github.com/UnitVectorY-Labs/gcpvalidate/project/project.go:65.2,65.43 1 10
github.com/UnitVectorY-Labs/gcpvalidate/location/location.go:27.40,29.18 1 32
github.com/UnitVectorY-Labs/gcpvalidate/location/location.go:29.18,31.3 1 2
github.com/UnitVectorY-Labs/gcpvalidate/location/location.go:34.2,34.44 1 30
github.com/UnitVectorY-Labs/gcpvalidate/location/location.go:34.44,36.3 1 4
github.com/UnitVectorY-Labs/gcpvalidate/location/location.go:39.2,39.23 1 26
github.com/UnitVectorY-Labs/gcpvalidate/location/location.go:39.23,41.3 1 0
github.com/UnitVectorY-Labs/gcpvalidate/location/location.go:44.2,44.40 1 26
github.com/UnitVectorY-Labs/gcpvalidate/location/location.go:54.36,56.16 1 26
github.com/UnitVectorY-Labs/gcpvalidate/location/location.go:56.16,58.3 1 2
github.com/UnitVectorY-Labs/gcpvalidate/location/location.go:61.2,61.42 1 24
github.com/UnitVectorY-Labs/gcpvalidate/location/location.go:61.42,63.3 1 4
github.com/UnitVectorY-Labs/gcpvalidate/location/location.go:66.2,66.21 1 20
github.com/UnitVectorY-Labs/gcpvalidate/location/location.go:66.21,68.3 1 0
github.com/UnitVectorY-Labs/gcpvalidate/location/location.go:71.2,71.36 1 20
github.com/UnitVectorY-Labs/gcpvalidate/location/location.go:83.39,85.21 1 16
github.com/UnitVectorY-Labs/gcpvalidate/location/location.go:85.21,87.3 1 1
github.com/UnitVectorY-Labs/gcpvalidate/location/location.go:90.2,90.47 1 15
github.com/UnitVectorY-Labs/gcpvalidate/resource/resource.go:25.55,27.16 1 21
github.com/UnitVectorY-Labs/gcpvalidate/resource/resource.go:27.16,29.3 1 1
github.com/UnitVectorY-Labs/gcpvalidate/resource/resource.go:32.2,32.42 1 20
github.com/UnitVectorY-Labs/gcpvalidate/resource/resource.go:32.42,34.3 1 4
github.com/UnitVectorY-Labs/gcpvalidate/resource/resource.go:37.2,40.24 2 16
github.com/UnitVectorY-Labs/gcpvalidate/resource/resource.go:40.24,42.89 1 6
github.com/UnitVectorY-Labs/gcpvalidate/resource/resource.go:42.89,44.4 1 0
github.com/UnitVectorY-Labs/gcpvalidate/resource/resource.go:46.3,51.43 4 6
github.com/UnitVectorY-Labs/gcpvalidate/resource/resource.go:51.43,53.4 1 1
github.com/UnitVectorY-Labs/gcpvalidate/resource/resource.go:54.3,54.37 1 5
github.com/UnitVectorY-Labs/gcpvalidate/resource/resource.go:54.37,56.4 1 1
github.com/UnitVectorY-Labs/gcpvalidate/resource/resource.go:58.3,58.106 1 4
github.com/UnitVectorY-Labs/gcpvalidate/resource/resource.go:58.106,60.4 1 1
github.com/UnitVectorY-Labs/gcpvalidate/resource/resource.go:62.3,62.14 1 3
github.com/UnitVectorY-Labs/gcpvalidate/resource/resource.go:63.8,63.31 1 10
github.com/UnitVectorY-Labs/gcpvalidate/resource/resource.go:63.31,66.61 1 6
github.com/UnitVectorY-Labs/gcpvalidate/resource/resource.go:66.61,68.4 1 0
github.com/UnitVectorY-Labs/gcpvalidate/resource/resource.go:70.3,76.43 5 6
github.com/UnitVectorY-Labs/gcpvalidate/resource/resource.go:76.43,78.4 1 0
github.com/UnitVectorY-Labs/gcpvalidate/resource/resource.go:79.3,79.37 1 6
github.com/UnitVectorY-Labs/gcpvalidate/resource/resource.go:79.37,81.4 1 0
github.com/UnitVectorY-Labs/gcpvalidate/resource/resource.go:83.3,83.112 1 6
github.com/UnitVectorY-Labs/gcpvalidate/resource/resource.go:83.112,85.4 1 2
github.com/UnitVectorY-Labs/gcpvalidate/resource/resource.go:87.3,87.106 1 4
github.com/UnitVectorY-Labs/gcpvalidate/resource/resource.go:87.106,89.4 1 1
github.com/UnitVectorY-Labs/gcpvalidate/resource/resource.go:91.3,91.14 1 3
github.com/UnitVectorY-Labs/gcpvalidate/resource/resource.go:94.2,94.14 1 4
github.com/UnitVectorY-Labs/gcpvalidate/resource/resource.go:107.55,109.18 1 13
github.com/UnitVectorY-Labs/gcpvalidate/resource/resource.go:109.18,111.3 1 1
github.com/UnitVectorY-Labs/gcpvalidate/resource/resource.go:114.2,114.44 1 12
github.com/UnitVectorY-Labs/gcpvalidate/resource/resource.go:114.44,116.3 1 2
github.com/UnitVectorY-Labs/gcpvalidate/resource/resource.go:119.2,122.24 2 10
github.com/UnitVectorY-Labs/gcpvalidate/resource/resource.go:122.24,124.3 1 3
github.com/UnitVectorY-Labs/gcpvalidate/resource/resource.go:127.2,127.61 1 7
github.com/UnitVectorY-Labs/gcpvalidate/resource/resource.go:127.61,129.3 1 0
github.com/UnitVectorY-Labs/gcpvalidate/resource/resource.go:131.2,135.42 3 7
github.com/UnitVectorY-Labs/gcpvalidate/resource/resource.go:135.42,137.3 1 1
github.com/UnitVectorY-Labs/gcpvalidate/resource/resource.go:138.2,138.36 1 6
github.com/UnitVectorY-Labs/gcpvalidate/resource/resource.go:138.36,140.3 1 2
github.com/UnitVectorY-Labs/gcpvalidate/resource/resource.go:142.2,142.13 1 4
github.com/UnitVectorY-Labs/gcpvalidate/storage/storage.go:29.42,31.16 1 23
github.com/UnitVectorY-Labs/gcpvalidate/storage/storage.go:31.16,33.3 1 1
github.com/UnitVectorY-Labs/gcpvalidate/storage/storage.go:36.2,36.42 1 22
github.com/UnitVectorY-Labs/gcpvalidate/storage/storage.go:36.42,38.3 1 2
github.com/UnitVectorY-Labs/gcpvalidate/storage/storage.go:41.2,41.19 1 20
github.com/UnitVectorY-Labs/gcpvalidate/storage/storage.go:41.19,43.3 1 1
github.com/UnitVectorY-Labs/gcpvalidate/storage/storage.go:46.2,46.33 1 19
github.com/UnitVectorY-Labs/gcpvalidate/storage/storage.go:46.33,47.22 1 8
github.com/UnitVectorY-Labs/gcpvalidate/storage/storage.go:47.22,49.4 1 0
github.com/UnitVectorY-Labs/gcpvalidate/storage/storage.go:51.3,52.30 2 8
github.com/UnitVectorY-Labs/gcpvalidate/storage/storage.go:52.30,53.22 1 32
github.com/UnitVectorY-Labs/gcpvalidate/storage/storage.go:53.22,55.5 1 0
github.com/UnitVectorY-Labs/gcpvalidate/storage/storage.go:58.3,58.35 1 8
github.com/UnitVectorY-Labs/gcpvalidate/storage/storage.go:58.35,60.4 1 1
github.com/UnitVectorY-Labs/gcpvalidate/storage/storage.go:61.8,62.21 1 11
github.com/UnitVectorY-Labs/gcpvalidate/storage/storage.go:62.21,64.4 1 1
github.com/UnitVectorY-Labs/gcpvalidate/storage/storage.go:68.2,68.68 1 17
github.com/UnitVectorY-Labs/gcpvalidate/storage/storage.go:68.68,70.3 1 6
github.com/UnitVectorY-Labs/gcpvalidate/storage/storage.go:73.2,73.38 1 11
github.com/UnitVectorY-Labs/gcpvalidate/storage/storage.go:73.38,75.3 1 2
github.com/UnitVectorY-Labs/gcpvalidate/storage/storage.go:78.2,78.42 1 9
github.com/UnitVectorY-Labs/gcpvalidate/storage/storage.go:82.34,84.2 1 30
github.com/UnitVectorY-Labs/gcpvalidate/vertexai/vertexai.go:25.47,27.16 1 30
github.com/UnitVectorY-Labs/gcpvalidate/vertexai/vertexai.go:27.16,29.3 1 2
github.com/UnitVectorY-Labs/gcpvalidate/vertexai/vertexai.go:32.2,32.42 1 28
github.com/UnitVectorY-Labs/gcpvalidate/vertexai/vertexai.go:32.42,34.3 1 4
github.com/UnitVectorY-Labs/gcpvalidate/vertexai/vertexai.go:37.2,37.21 1 24
github.com/UnitVectorY-Labs/gcpvalidate/vertexai/vertexai.go:37.21,39.3 1 2
github.com/UnitVectorY-Labs/gcpvalidate/vertexai/vertexai.go:42.2,42.81 1 22
github.com/UnitVectorY-Labs/gcpvalidate/vertexai/vertexai.go:42.81,44.3 1 6
github.com/UnitVectorY-Labs/gcpvalidate/vertexai/vertexai.go:47.2,47.42 1 16
github.com/UnitVectorY-Labs/gcpvalidate/vertexai/vertexai.go:59.50,62.2 1 15
